<?xml version="1.0" encoding="UTF-8"?>
<testng-results skipped="0" failed="0" total="1" passed="1">
  <reporter-output>
  </reporter-output>
  <suite name="Default suite" duration-ms="41888" started-at="2015-11-18T15:13:54Z" finished-at="2015-11-18T15:14:36Z">
    <groups>
    </groups>
    <test name="Default test" duration-ms="41888" started-at="2015-11-18T15:13:54Z" finished-at="2015-11-18T15:14:36Z">
      <class name="scripts.signin.SearchProduct">
        <test-method status="PASS" signature="beforeSuite(org.testng.ITestContext)[pri:0, instance:scripts.signin.SearchProduct@1092e60]" name="beforeSuite" is-config="true" duration-ms="52" started-at="2015-11-18T15:13:54Z" finished-at="2015-11-18T15:13:54Z">
          <params>
            <param index="0">
              <value>
                <![CDATA[org.testng.TestRunner@1ba2b68]]>
              </value>
            </param>
          </params>
          <reporter-output>
          </reporter-output>
        </test-method> <!-- beforeSuite -->
        <test-method status="PASS" signature="beforeTest()[pri:0, instance:scripts.signin.SearchProduct@1092e60]" name="beforeTest" is-config="true" duration-ms="11181" started-at="2015-11-18T15:13:54Z" finished-at="2015-11-18T15:14:05Z">
          <reporter-output>
          </reporter-output>
        </test-method> <!-- beforeTest -->
        <test-method status="PASS" signature="searchValidProduct()[pri:0, instance:scripts.signin.SearchProduct@1092e60]" name="searchValidProduct" duration-ms="30621" started-at="2015-11-18T15:14:05Z" finished-at="2015-11-18T15:14:36Z">
          <reporter-output>
          </reporter-output>
        </test-method> <!-- searchValidProduct -->
        <test-method status="PASS" signature="afterTest()[pri:0, instance:scripts.signin.SearchProduct@1092e60]" name="afterTest" is-config="true" duration-ms="0" started-at="2015-11-18T15:14:36Z" finished-at="2015-11-18T15:14:36Z">
          <reporter-output>
          </reporter-output>
        </test-method> <!-- afterTest -->
        <test-method status="PASS" signature="afterSuite()[pri:0, instance:scripts.signin.SearchProduct@1092e60]" name="afterSuite" is-config="true" duration-ms="1" started-at="2015-11-18T15:14:37Z" finished-at="2015-11-18T15:14:37Z">
          <reporter-output>
          </reporter-output>
        </test-method> <!-- afterSuite -->
      </class> <!-- scripts.signin.SearchProduct -->
    </test> <!-- Default test -->
  </suite> <!-- Default suite -->
</testng-results>
